<?xml version="1.0" encoding="UTF-8"?>
<coverage generated="1691054300185" clover="3.2.0">
  <project timestamp="1691054300185" name="All files">
    <metrics statements="11" coveredstatements="8" conditionals="2" coveredconditionals="2" methods="3" coveredmethods="2" elements="16" coveredelements="12" complexity="0" loc="11" ncloc="11" packages="1" files="1" classes="1"/>
    <file name="somelogic.ts" path="/Users/mahesh/Training/capita/spotdemos/datatypes/somelogic.ts">
      <metrics statements="11" coveredstatements="8" conditionals="2" coveredconditionals="2" methods="3" coveredmethods="2"/>
      <line num="1" count="1" type="cond" truecount="1" falsecount="0"/>
      <line num="2" count="1" type="stmt"/>
      <line num="3" count="1" type="stmt"/>
      <line num="4" count="1" type="stmt"/>
      <line num="5" count="1" type="cond" truecount="1" falsecount="0"/>
      <line num="6" count="1" type="stmt"/>
      <line num="7" count="1" type="stmt"/>
      <line num="8" count="1" type="stmt"/>
      <line num="9" count="0" type="stmt"/>
      <line num="10" count="0" type="stmt"/>
      <line num="11" count="0" type="stmt"/>
    </file>
  </project>
</coverage>
